<?xml version="1.0" encoding="UTF-8"?>
<!-- Generated by org.testng.reporters.JUnitReportReporter -->
<testsuite hostname="HOME-PC" failures="0" tests="1" name="WebTable" time="1.080" errors="0" timestamp="2020-11-25T11:31:25 IST" skipped="0">
  <testcase classname="WebTable" name="data" time="1.080"/>
  <system-out/>
</testsuite> <!-- WebTable -->
