<?xml version="1.0" encoding="UTF-8"?>
<!-- Generated by org.testng.reporters.JUnitReportReporter -->
<testsuite hostname="HOME-PC" failures="0" tests="1" name="Frames" time="0.975" errors="0" timestamp="2020-11-25T12:30:17 IST" skipped="0">
  <testcase classname="Frames" name="data" time="0.975"/>
  <system-out/>
</testsuite> <!-- Frames -->
