<?xml version="1.0" encoding="UTF-8"?>
<!-- Generated by org.testng.reporters.JUnitReportReporter -->
<testsuite hostname="HOME-PC" failures="0" tests="1" name="Alerts" time="1.507" errors="0" timestamp="2020-11-25T12:45:10 IST" skipped="0">
  <testcase classname="Alerts" name="data" time="1.507"/>
  <system-out/>
</testsuite> <!-- Alerts -->
